13:07:45.013 DEBUG 获取到配置信息: 
13:07:45.013 DEBUG {"basePath":"./","outPut":{"minifyCss":true,"minifyJs":true,"addVersion":true,"embedSize":10},"root":"/src","entry":"home","title":"页面","outFolder":"./dist","resourceFolder":"./src/resource","headList":[{"http-equiv":"content-type","content":"text/html; charset=UTF-8"},{"name":"viewport","content":"width=device-width, initial-scale=0, maximum-scale=1, user-scalable=yes,shrink-to-fit=no"}],"scriptList":[{"name":"swiper","src":"https://cunchu.site/ozzx/script/idangerous.swiper2.7.0.min.js"},{"name":"main","src":"./src/main.js"},{"name":"share-bt","src":"http://static.bshare.cn/b/buttonLite.js"},{"name":"share","src":"http://static.bshare.cn/b/bshareC0.js"}],"styleList":[{"name":"main","src":"./src/main.css","resource":true},{"name":"swiper","src":"https://cunchu.site/ozzx/style/idangerous.swiper2.7.0.css"}],"pageList":[{"main":true,"isPage":true,"name":"home","src":"./src/page/home.page","temple":"<temple name=\"home\" src=\"./src/page/home.page\" isPage=\"true\"></temple>","outerHTML":"<!DOCTYPE html>\r\n<html lang=\"zh-CN\">\r\n  <head>\r\n    <title>页面</title>\r\n    <!-- 页面的元信息 -->\r\n    <meta http-equiv=\"content-type\" content=\"text/html; charset=UTF-8\"/>\r\n    <meta name=\"viewport\" content=\"width=device-width, initial-scale=0, maximum-scale=1, user-scalable=yes,shrink-to-fit=no\"/>\r\n    <!-- css-output -->\r\n    <!-- animation-output -->\r\n  </head>\r\n  <body>\r\n    <!-- 页面区域 -->\r\n    <temple name=\"home\" src=\"./src/page/home.page\" isPage=\"true\"></temple>\r\n    <!-- script-output -->\r\n  </body>\r\n</html>"}],"dev":{"basePath":"./","watcher":{"enable":true,"ignored":"./dist/*","depth":99},"outPut":{"minifyCss":false,"minifyJs":false,"addVersion":false},"serverPort":8000,"server":true,"autoReload":true,"remoteDebug":true},"build":{"basePath":"./","outPut":{"minifyCss":true,"minifyJs":true,"addVersion":true,"embedSize":10}}} 
13:07:45.013 INFO  --------------------------- 开始编译 --------------------------- 
13:07:45.013 INFO  程序运行目录: D:\work\weiqi 
13:07:45.013 INFO  首次启动! 
13:07:45.013 INFO  生成版本号: kphvwrte1t 
13:07:45.027 INFO  清理资源文件夹: D:\work\weiqi\dist\static 
13:07:45.027 INFO  文件夹不存在: D:\work\weiqi\dist\static 
13:07:45.028 INFO  创建文件夹: D:\work\weiqi\dist\static 
13:07:45.029 INFO  读取模板文件: C:\Users\PG\Documents\GitHub\PG\lib\index.html 
13:07:45.029 DEBUG 读取网页标题: 页面 
13:07:45.029 DEBUG 处理页面源信息: [{"http-equiv":"content-type","content":"text/html; charset=UTF-8"},{"name":"viewport","content":"width=device-width, initial-scale=0, maximum-scale=1, user-scalable=yes,shrink-to-fit=no"}] 
13:07:45.030 DEBUG 处理模板: ./src/page/home.page 
13:07:45.064 DEBUG 处理模板: https://owo.ink/public/7d7233398a2d8e3dbfe0c51db7158223.page 
13:07:45.064 DEBUG 使用文件缓存:D:\work\weiqi\owo_modules\b2b2272f3aa2ded2637f7494addf3fad.owo 
13:07:45.074 DEBUG 缓存模板: https://owo.ink/public/7d7233398a2d8e3dbfe0c51db7158223.page 
13:07:45.075 DEBUG 模板topBar处理用时: 11 毫秒! 
13:07:45.078 DEBUG 处理模板: ./src/module/titleBar.page 
13:07:45.180 DEBUG 缓存模板: ./src/module/titleBar.page 
13:07:45.180 DEBUG 模板titleBar处理用时: 102 毫秒! 
13:07:45.183 DEBUG 处理模板: https://owo.ink/public/fa0aa211a3ff2c12d7f4b339608d0613.page 
13:07:45.184 DEBUG 使用文件缓存:D:\work\weiqi\owo_modules\8617be13043d6f962c02f52c810fbe87.owo 
13:07:45.212 DEBUG 缓存模板: https://owo.ink/public/fa0aa211a3ff2c12d7f4b339608d0613.page 
13:07:45.212 DEBUG 模板realTimeBar处理用时: 29 毫秒! 
13:07:45.222 DEBUG 处理模板: https://owo.ink/public/56cab29ab039422b54b85fc89a12faf6.page 
13:07:45.222 DEBUG 使用文件缓存:D:\work\weiqi\owo_modules\1cdda69bbc37f76be0221632e398fa09.owo 
13:07:45.231 DEBUG 缓存模板: https://owo.ink/public/56cab29ab039422b54b85fc89a12faf6.page 
13:07:45.231 DEBUG 模板banner处理用时: 9 毫秒! 
13:07:45.234 DEBUG 处理模板: ./src/module/newsHead.page 
13:07:45.240 DEBUG 缓存模板: ./src/module/newsHead.page 
13:07:45.240 DEBUG 模板newsHead处理用时: 6 毫秒! 
13:07:45.241 DEBUG 处理模板: ./src/module/newsList.page 
13:07:45.248 DEBUG 缓存模板: ./src/module/newsList.page 
13:07:45.248 DEBUG 模板newsList处理用时: 7 毫秒! 
13:07:45.251 DEBUG 处理模板: ./src/module/cardTitleBar.page 
13:07:45.257 DEBUG 缓存模板: ./src/module/cardTitleBar.page 
13:07:45.258 DEBUG 模板cardTitleBar处理用时: 7 毫秒! 
13:07:45.258 DEBUG 使用缓存返回模板: ./src/module/newsList.page 
13:07:45.260 DEBUG 处理模板: ./src/module/cardTitleBar.page 
13:07:45.262 DEBUG 智能跳过打包./src/module/cardTitleBar.page的重复样式! 
13:07:45.262 DEBUG 缓存模板: ./src/module/cardTitleBar.page 
13:07:45.262 DEBUG 模板cardTitleBar2处理用时: 2 毫秒! 
13:07:45.262 DEBUG 使用缓存返回模板: ./src/module/newsList.page 
13:07:45.264 DEBUG 处理模板: ./src/module/cardTitleBar.page 
13:07:45.265 DEBUG 智能跳过打包./src/module/cardTitleBar.page的重复样式! 
13:07:45.266 DEBUG 缓存模板: ./src/module/cardTitleBar.page 
13:07:45.266 DEBUG 模板cardTitleBar3处理用时: 2 毫秒! 
13:07:45.267 DEBUG 处理模板: ./src/module/infoBox.page 
13:07:45.277 DEBUG 缓存模板: ./src/module/infoBox.page 
13:07:45.277 DEBUG 模板infoBox处理用时: 10 毫秒! 
13:07:45.279 DEBUG 处理模板: https://owo.ink/public/460d423b76bb31212445358f55f7ccc8.page 
13:07:45.280 DEBUG 使用文件缓存:D:\work\weiqi\owo_modules\b66c85ad200b0d8aed7046a99c58179b.owo 
13:07:45.283 DEBUG 缓存模板: https://owo.ink/public/460d423b76bb31212445358f55f7ccc8.page 
13:07:45.283 DEBUG 模板ad处理用时: 4 毫秒! 
13:07:45.283 DEBUG 处理模板: ./src/module/newsBox.page 
13:07:45.289 DEBUG 处理模板: ./src/module/newsCard.page 
13:07:45.298 DEBUG 缓存模板: ./src/module/newsCard.page 
13:07:45.298 DEBUG 模板newsCard处理用时: 9 毫秒! 
13:07:45.301 DEBUG 处理模板: ./src/module/newsCard.page 
13:07:45.305 DEBUG 智能跳过打包./src/module/newsCard.page的重复样式! 
13:07:45.305 DEBUG 缓存模板: ./src/module/newsCard.page 
13:07:45.305 DEBUG 模板newsCard1处理用时: 4 毫秒! 
13:07:45.307 DEBUG 处理模板: ./src/module/newsCard.page 
13:07:45.317 DEBUG 智能跳过打包./src/module/newsCard.page的重复样式! 
13:07:45.317 DEBUG 缓存模板: ./src/module/newsCard.page 
13:07:45.317 DEBUG 模板newsCard2处理用时: 10 毫秒! 
13:07:45.320 DEBUG 处理模板: ./src/module/newsCard.page 
13:07:45.326 DEBUG 智能跳过打包./src/module/newsCard.page的重复样式! 
13:07:45.326 DEBUG 缓存模板: ./src/module/newsCard.page 
13:07:45.326 DEBUG 模板newsCard3处理用时: 6 毫秒! 
13:07:45.329 DEBUG 处理模板: ./src/module/pagination.page 
13:07:45.332 DEBUG 缓存模板: ./src/module/pagination.page 
13:07:45.332 DEBUG 模板pagination处理用时: 3 毫秒! 
13:07:45.334 DEBUG 处理模板: ./src/module/newsCard.page 
13:07:45.340 DEBUG 智能跳过打包./src/module/newsCard.page的重复样式! 
13:07:45.340 DEBUG 缓存模板: ./src/module/newsCard.page 
13:07:45.340 DEBUG 模板newsCard4处理用时: 6 毫秒! 
13:07:45.342 DEBUG 处理模板: ./src/module/newsCard.page 
13:07:45.348 DEBUG 智能跳过打包./src/module/newsCard.page的重复样式! 
13:07:45.348 DEBUG 缓存模板: ./src/module/newsCard.page 
13:07:45.348 DEBUG 模板newsCard5处理用时: 6 毫秒! 
13:07:45.355 DEBUG 处理模板: ./src/module/newsCard.page 
13:07:45.361 DEBUG 智能跳过打包./src/module/newsCard.page的重复样式! 
13:07:45.361 DEBUG 缓存模板: ./src/module/newsCard.page 
13:07:45.361 DEBUG 模板newsCard6处理用时: 6 毫秒! 
13:07:45.366 DEBUG 缓存模板: ./src/module/newsBox.page 
13:07:45.366 DEBUG 模板newsBox处理用时: 83 毫秒! 
13:07:45.380 DEBUG 处理模板: ./src/module/cardTitleBar2.page 
13:07:45.383 DEBUG 缓存模板: ./src/module/cardTitleBar2.page 
13:07:45.383 DEBUG 模板cardTitleBar4处理用时: 3 毫秒! 
13:07:45.383 DEBUG 处理模板: ./src/module/newsRanking.page 
13:07:45.390 DEBUG 缓存模板: ./src/module/newsRanking.page 
13:07:45.390 DEBUG 模板newsRanking处理用时: 7 毫秒! 
13:07:45.392 DEBUG 使用缓存返回模板: https://owo.ink/public/460d423b76bb31212445358f55f7ccc8.page 
13:07:45.392 DEBUG 使用缓存返回模板: https://owo.ink/public/460d423b76bb31212445358f55f7ccc8.page 
13:07:45.393 DEBUG 使用缓存返回模板: https://owo.ink/public/460d423b76bb31212445358f55f7ccc8.page 
13:07:45.393 DEBUG 使用缓存返回模板: https://owo.ink/public/460d423b76bb31212445358f55f7ccc8.page 
13:07:45.394 DEBUG 处理模板: https://owo.ink/public/e6ab7da94b30399ecf828f1c8c704521.page 
13:07:45.394 DEBUG 使用文件缓存:D:\work\weiqi\owo_modules\81037edc1b84fa90ff82fd660b547754.owo 
13:07:45.396 DEBUG 缓存模板: https://owo.ink/public/e6ab7da94b30399ecf828f1c8c704521.page 
13:07:45.396 DEBUG 模板float处理用时: 2 毫秒! 
13:07:45.397 DEBUG 处理模板: https://owo.ink/public/1a09200bec9534a889b83834094ecb3e.page 
13:07:45.398 DEBUG 使用文件缓存:D:\work\weiqi\owo_modules\43bb5b6a8aabc8078eb9c5d83fed5ab6.owo 
13:07:45.400 DEBUG 缓存模板: https://owo.ink/public/1a09200bec9534a889b83834094ecb3e.page 
13:07:45.400 DEBUG 模板copyright处理用时: 3 毫秒! 
13:07:45.411 DEBUG 缓存模板: ./src/page/home.page 
13:07:45.411 DEBUG 模板home处理用时: 381 毫秒! 
13:07:45.412 INFO  文件夹不存在: D:\work\weiqi\dist\static\resource 
13:07:45.412 INFO  创建文件夹: D:\work\weiqi\dist\static\resource 
13:07:45.413 DEBUG base64处理文件: D:\work\weiqi\src\resource\more.png 
13:07:45.413 DEBUG 忽略文件: D:\work\weiqi\src\resource\title-bg.png 
13:07:45.413 DEBUG 忽略文件: D:\work\weiqi\src\resource\more.png 
13:07:45.413 DEBUG 处理资源: D:\work\weiqi\src\resource\title.png,D:\work\weiqi\src\resource\title-bg.png,D:\work\weiqi\src\resource\bg.jpg 
13:07:45.414 INFO  css中的资源处理完毕! 
13:07:45.432 INFO  正在处理script! 
13:07:45.432 INFO  工程中只有一个页面! 
13:07:45.432 DEBUG 页面中不包含切换动画! 
13:07:46.234 INFO  文件夹不存在: D:\work\weiqi\dist\static\js 
13:07:46.234 INFO  创建文件夹: D:\work\weiqi\dist\static\js 
13:07:46.381 INFO  js中的资源处理完毕! 
13:07:46.383 DEBUG 处理引用脚本: [{"name":"swiper","src":"https://cunchu.site/ozzx/script/idangerous.swiper2.7.0.min.js"},{"name":"main","src":"./src/main.js"},{"name":"share-bt","src":"http://static.bshare.cn/b/buttonLite.js"},{"name":"share","src":"http://static.bshare.cn/b/bshareC0.js"}] 
13:07:46.383 DEBUG 外部脚本数量: 4 
13:07:46.383 DEBUG 处理脚本: swiper 
13:07:46.383 DEBUG 网络脚本: swiper 
13:07:46.383 DEBUG 处理脚本: main 
13:07:46.383 DEBUG 不使用bable处理脚本! 
13:07:46.383 INFO  读取文件: D:\work\weiqi\src\main.js 
13:07:46.383 DEBUG 处理脚本: share-bt 
13:07:46.383 DEBUG 网络脚本: share-bt 
13:07:46.383 DEBUG 处理脚本: share 
13:07:46.383 DEBUG 网络脚本: share 
13:07:46.383 DEBUG 完成外部脚本引用处理! 
13:07:46.383 DEBUG 输出scriptData 
13:07:46.383 DEBUG 判断是否可以输出Html! 
13:07:46.384 DEBUG 还有没有经过处理的资源! 
13:07:46.593 DEBUG 需要经过特殊处理的css: [[".o-topBar .title-bar ",".o-topBar "],[".o-titleBar .title-bar-RVyDyvJu8Y0Ui1bB ",".o-titleBar "],[".o-titleBar .clear ",".o-titleBar "],[".o-realTimeBar .real-time-bar ",".o-realTimeBar "],[".o-realTimeBar .clear ",".o-realTimeBar "],[".o-banner .banner-box ",".o-banner "],[".o-newsHead .news-head ",".o-newsHead "],[".o-newsList .consultation-box ",".o-newsList "],[".o-cardTitleBar .card-title-bar ",".o-cardTitleBar "],[".o-cardTitleBar2 .card-title-bar ",".o-cardTitleBar2 "],[".o-cardTitleBar3 .card-title-bar ",".o-cardTitleBar3 "],[".o-infoBox .info-box ",".o-infoBox "],[".o-ad .ad ",".o-ad "],[".o-newsCard .news-card ",".o-newsCard "],[".o-newsCard1 .news-card ",".o-newsCard1 "],[".o-newsCard2 .news-card ",".o-newsCard2 "],[".o-newsCard3 .news-card ",".o-newsCard3 "],[".o-pagination .pagination-bar ",".o-pagination "],[".o-pagination .clear ",".o-pagination "],[".o-newsCard4 .news-card ",".o-newsCard4 "],[".o-newsCard5 .news-card ",".o-newsCard5 "],[".o-newsCard6 .news-card ",".o-newsCard6 "],[".o-newsBox .switch-bar ",".o-newsBox "],[".o-cardTitleBar4 .card-title-bar ",".o-cardTitleBar4 "],[".o-newsRanking .ranking ",".o-newsRanking "],[".o-float .erwm ",".o-float "],[".o-copyright .copyright-box ",".o-copyright "],[".o-home .example ",".o-home "]] 
13:07:46.593 INFO  文件夹不存在: D:\work\weiqi\dist\static\css 
13:07:46.594 INFO  创建文件夹: D:\work\weiqi\dist\static\css 
13:07:46.594 INFO  开始处理附属css中的资源 
13:07:46.594 INFO  附属css中的资源处理完毕! 
13:07:46.594 DEBUG 判断是否可以输出Html! 
13:07:46.594 DEBUG 准备输出html! 
13:07:46.594 DEBUG 忽略文件: D:\work\weiqi\src\resource\image2.png 
13:07:46.594 DEBUG 忽略文件: D:\work\weiqi\src\resource\image.png 
13:07:46.594 DEBUG 处理资源: D:\work\weiqi\src\resource\image2.png,D:\work\weiqi\src\resource\image.png 
13:07:46.595 DEBUG 开始美化html 
13:07:46.752 INFO  读取成功: D:\work\weiqi\src\main.js 
13:07:46.752 INFO  读取成功: D:\work\weiqi\src\main.css 
13:07:46.768 INFO  写入文件: D:\work\weiqi\dist\static\js\main.js 
13:07:46.768 INFO  写入文件: D:\work\weiqi\dist\static\css\main.css 
13:07:46.848 DEBUG 文件处理成功: 
13:07:46.848 DEBUG D:\work\weiqi\dist\static\resource\title.png 
13:07:46.848 DEBUG D:\work\weiqi\dist\static\resource\title-bg.png 
13:07:46.848 DEBUG D:\work\weiqi\dist\static\resource\bg.jpg 
13:07:47.095 DEBUG 文件处理成功: 
13:07:47.095 DEBUG D:\work\weiqi\dist\static\resource\image2.png 
13:07:47.095 DEBUG D:\work\weiqi\dist\static\resource\image.png 
